INFO:root:Users entered: 2
INFO:root:Users entered: 4
INFO:root:The game was started
INFO:root:Users tries: 2
INFO:root:User wons!
INFO:root:Users entered: 7
INFO:root:Users entered: 3
INFO:root:Randomed number is: 1
INFO:root:The game was started
INFO:root:Users tries: 1
INFO:root:User wons!
INFO:root:Users entered: 10
INFO:root:Users entered: 5
INFO:root:Randomed number is: 2
INFO:root:The game was started
INFO:root:Users tries: 7
INFO:root:Users tries: 6
INFO:root:Users tries: 5
INFO:root:Users tries: 2
INFO:root:User wons!
INFO:root:Users entered: 5
INFO:root:Users entered: 10
INFO:root:Randomed number is: 5
INFO:root:The game was started
INFO:root:Users tries: 5
INFO:root:User wons!
INFO:root:Users entered: 5
INFO:root:Users entered: 10
INFO:root:Randomed number is: 1
INFO:root:The game was started
INFO:root:Users tries: 5
INFO:root:Users tries: 3
INFO:root:Users tries: 2
INFO:root:Users tries: 1
INFO:root:User wons!
